Linux 6.0.3sol-fs (node0.yukino-255758.fmsh-pg0.wisc.cloudlab.us) 	04/29/2025 	_x86_64_	(32 CPU)

07:44:44 AM     CPU     %user     %nice   %system   %iowait    %steal     %idle
07:44:45 AM       4      0.00      0.00    100.00      0.00      0.00      0.00
07:44:45 AM       8      3.12      0.00     89.58      0.00      0.00      7.29
07:44:45 AM      12      3.16      0.00     92.63      0.00      0.00      4.21
07:44:45 AM      16      1.05      0.00     95.79      0.00      0.00      3.16
07:44:45 AM      20      0.00      0.00    100.00      0.00      0.00      0.00

07:44:45 AM     CPU     %user     %nice   %system   %iowait    %steal     %idle
07:44:46 AM       4      1.00      0.00     99.00      0.00      0.00      0.00
07:44:46 AM       8      3.26      0.00     92.39      0.00      0.00      4.35
07:44:46 AM      12      2.08      0.00     94.79      0.00      0.00      3.12
07:44:46 AM      16      2.02      0.00     93.94      0.00      0.00      4.04
07:44:46 AM      20      1.00      0.00     99.00      0.00      0.00      0.00

07:44:46 AM     CPU     %user     %nice   %system   %iowait    %steal     %idle
07:44:47 AM       4      1.98      0.00     98.02      0.00      0.00      0.00
07:44:47 AM       8      2.04      0.00     91.84      0.00      0.00      6.12
07:44:47 AM      12      2.06      0.00     94.85      0.00      0.00      3.09
07:44:47 AM      16      1.08      0.00     96.77      0.00      0.00      2.15
07:44:47 AM      20      0.00      0.00    100.00      0.00      0.00      0.00

07:44:47 AM     CPU     %user     %nice   %system   %iowait    %steal     %idle
07:44:48 AM       4      0.00      0.00    100.00      0.00      0.00      0.00
07:44:48 AM       8      3.16      0.00     93.68      0.00      0.00      3.16
07:44:48 AM      12      1.01      0.00     95.96      0.00      0.00      3.03
07:44:48 AM      16      1.09      0.00     95.65      0.00      0.00      3.26
07:44:48 AM      20      0.99      0.00     99.01      0.00      0.00      0.00

07:44:48 AM     CPU     %user     %nice   %system   %iowait    %steal     %idle
07:44:49 AM       4      1.00      0.00     99.00      0.00      0.00      0.00
07:44:49 AM       8      1.05      0.00     96.84      0.00      0.00      2.11
07:44:49 AM      12      3.09      0.00     94.85      0.00      0.00      2.06
07:44:49 AM      16      4.17      0.00     92.71      0.00      0.00      3.12
07:44:49 AM      20      1.02      0.00     98.98      0.00      0.00      0.00

07:44:49 AM     CPU     %user     %nice   %system   %iowait    %steal     %idle
07:44:50 AM       4      1.00      0.00     99.00      0.00      0.00      0.00
07:44:50 AM       8      1.04      0.00     94.79      0.00      0.00      4.17
07:44:50 AM      12      3.12      0.00     92.71      0.00      0.00      4.17
07:44:50 AM      16      3.12      0.00     92.71      0.00      0.00      4.17
07:44:50 AM      20      0.00      0.00    100.00      0.00      0.00      0.00

07:44:50 AM     CPU     %user     %nice   %system   %iowait    %steal     %idle
07:44:51 AM       4      0.00      0.00    100.00      0.00      0.00      0.00
07:44:51 AM       8      4.21      0.00     88.42      0.00      0.00      7.37
07:44:51 AM      12      1.04      0.00     94.79      0.00      0.00      4.17
07:44:51 AM      16      1.04      0.00     92.71      0.00      0.00      6.25
07:44:51 AM      20      0.00      0.00    100.00      0.00      0.00      0.00

07:44:51 AM     CPU     %user     %nice   %system   %iowait    %steal     %idle
07:44:52 AM       4      0.00      0.00    100.00      0.00      0.00      0.00
07:44:52 AM       8      1.05      0.00     94.74      0.00      0.00      4.21
07:44:52 AM      12      3.16      0.00     91.58      0.00      0.00      5.26
07:44:52 AM      16      1.05      0.00     95.79      0.00      0.00      3.16
07:44:52 AM      20      1.00      0.00     99.00      0.00      0.00      0.00

07:44:52 AM     CPU     %user     %nice   %system   %iowait    %steal     %idle
07:44:53 AM       4      0.99      0.00     99.01      0.00      0.00      0.00
07:44:53 AM       8      2.11      0.00     94.74      0.00      0.00      3.16
07:44:53 AM      12      1.06      0.00     96.81      0.00      0.00      2.13
07:44:53 AM      16      3.12      0.00     93.75      0.00      0.00      3.12
07:44:53 AM      20      0.99      0.00     99.01      0.00      0.00      0.00

07:44:53 AM     CPU     %user     %nice   %system   %iowait    %steal     %idle
07:44:54 AM       4      0.00      0.00    100.00      0.00      0.00      0.00
07:44:54 AM       8      1.08      0.00     95.70      0.00      0.00      3.23
07:44:54 AM      12      2.06      0.00     93.81      0.00      0.00      4.12
07:44:54 AM      16      3.16      0.00     94.74      0.00      0.00      2.11
07:44:54 AM      20      0.00      0.00    100.00      0.00      0.00      0.00

07:44:54 AM     CPU     %user     %nice   %system   %iowait    %steal     %idle
07:44:55 AM       4      0.00      0.00    100.00      0.00      0.00      0.00
07:44:55 AM       8      4.08      0.00     91.84      0.00      0.00      4.08
07:44:55 AM      12      2.13      0.00     94.68      0.00      0.00      3.19
07:44:55 AM      16      3.19      0.00     92.55      0.00      0.00      4.26
07:44:55 AM      20      0.00      0.00    100.00      0.00      0.00      0.00

07:44:55 AM     CPU     %user     %nice   %system   %iowait    %steal     %idle
07:44:56 AM       4      0.00      0.00    100.00      0.00      0.00      0.00
07:44:56 AM       8      3.19      0.00     93.62      0.00      0.00      3.19
07:44:56 AM      12      3.09      0.00     93.81      0.00      0.00      3.09
07:44:56 AM      16      2.13      0.00     94.68      0.00      0.00      3.19
07:44:56 AM      20      1.00      0.00     99.00      0.00      0.00      0.00

07:44:56 AM     CPU     %user     %nice   %system   %iowait    %steal     %idle
07:44:57 AM       4      0.00      0.00    100.00      0.00      0.00      0.00
07:44:57 AM       8      1.08      0.00     95.70      0.00      0.00      3.23
07:44:57 AM      12      2.11      0.00     92.63      0.00      0.00      5.26
07:44:57 AM      16      2.06      0.00     91.75      0.00      0.00      6.19
07:44:57 AM      20      1.00      0.00     99.00      0.00      0.00      0.00

07:44:57 AM     CPU     %user     %nice   %system   %iowait    %steal     %idle
07:44:58 AM       4      0.99      0.00     99.01      0.00      0.00      0.00
07:44:58 AM       8      2.17      0.00     93.48      0.00      0.00      4.35
07:44:58 AM      12      2.06      0.00     93.81      0.00      0.00      4.12
07:44:58 AM      16      2.06      0.00     95.88      0.00      0.00      2.06
07:44:58 AM      20      0.99      0.00     99.01      0.00      0.00      0.00

07:44:58 AM     CPU     %user     %nice   %system   %iowait    %steal     %idle
07:44:59 AM       4      0.00      0.00    100.00      0.00      0.00      0.00
07:44:59 AM       8      0.00      0.00     96.94      0.00      0.00      3.06
07:44:59 AM      12      2.02      0.00     95.96      0.00      0.00      2.02
07:44:59 AM      16      3.06      0.00     90.82      0.00      0.00      6.12
07:44:59 AM      20      1.01      0.00     98.99      0.00      0.00      0.00

07:44:59 AM     CPU     %user     %nice   %system   %iowait    %steal     %idle
07:45:00 AM       4      1.00      0.00     99.00      0.00      0.00      0.00
07:45:00 AM       8      2.04      0.00     94.90      0.00      0.00      3.06
07:45:00 AM      12      3.09      0.00     93.81      0.00      0.00      3.09
07:45:00 AM      16      1.04      0.00     96.88      0.00      0.00      2.08
07:45:00 AM      20      0.00      0.00    100.00      0.00      0.00      0.00

07:45:00 AM     CPU     %user     %nice   %system   %iowait    %steal     %idle
07:45:01 AM       4      1.00      0.00     99.00      0.00      0.00      0.00
07:45:01 AM       8      1.14      0.00     94.32      0.00      0.00      4.55
07:45:01 AM      12      4.21      0.00     91.58      0.00      0.00      4.21
07:45:01 AM      16      2.17      0.00     89.13      0.00      0.00      8.70
07:45:01 AM      20      0.00      0.00    100.00      0.00      0.00      0.00

07:45:01 AM     CPU     %user     %nice   %system   %iowait    %steal     %idle
07:45:02 AM       4      1.00      0.00     99.00      0.00      0.00      0.00
07:45:02 AM       8      3.03      0.00     92.93      0.00      0.00      4.04
07:45:02 AM      12      1.06      0.00     92.55      0.00      0.00      6.38
07:45:02 AM      16      2.11      0.00     94.74      0.00      0.00      3.16
07:45:02 AM      20      0.00      0.00    100.00      0.00      0.00      0.00

07:45:02 AM     CPU     %user     %nice   %system   %iowait    %steal     %idle
07:45:03 AM       4      0.00      0.00    100.00      0.00      0.00      0.00
07:45:03 AM       8      3.16      0.00     94.74      0.00      0.00      2.11
07:45:03 AM      12      2.02      0.00     87.88      0.00      0.00     10.10
07:45:03 AM      16      1.09      0.00     94.57      0.00      0.00      4.35
07:45:03 AM      20      0.00      0.00    100.00      0.00      0.00      0.00

07:45:03 AM     CPU     %user     %nice   %system   %iowait    %steal     %idle
07:45:04 AM       4      1.01      0.00     98.99      0.00      0.00      0.00
07:45:04 AM       8      2.02      0.00     95.96      0.00      0.00      2.02
07:45:04 AM      12      0.00      0.00     95.92      0.00      0.00      4.08
07:45:04 AM      16      1.06      0.00     93.62      0.00      0.00      5.32
07:45:04 AM      20      1.00      0.00     99.00      0.00      0.00      0.00
