Linux 6.0.3sol-fs (node0.yukino-255758.fmsh-pg0.wisc.cloudlab.us) 	04/29/2025 	_x86_64_	(32 CPU)

07:47:52 AM     CPU     %user     %nice   %system   %iowait    %steal     %idle
07:47:53 AM       4      0.99      0.00     99.01      0.00      0.00      0.00
07:47:53 AM       8      1.00      0.00     99.00      0.00      0.00      0.00
07:47:53 AM      12      0.99      0.00     99.01      0.00      0.00      0.00
07:47:53 AM      16      0.99      0.00     99.01      0.00      0.00      0.00
07:47:53 AM      20      0.00      0.00    100.00      0.00      0.00      0.00

07:47:53 AM     CPU     %user     %nice   %system   %iowait    %steal     %idle
07:47:54 AM       4      2.00      0.00     98.00      0.00      0.00      0.00
07:47:54 AM       8      1.00      0.00     99.00      0.00      0.00      0.00
07:47:54 AM      12      0.00      0.00    100.00      0.00      0.00      0.00
07:47:54 AM      16      0.00      0.00    100.00      0.00      0.00      0.00
07:47:54 AM      20      0.00      0.00    100.00      0.00      0.00      0.00

07:47:54 AM     CPU     %user     %nice   %system   %iowait    %steal     %idle
07:47:55 AM       4      0.00      0.00    100.00      0.00      0.00      0.00
07:47:55 AM       8      1.01      0.00     98.99      0.00      0.00      0.00
07:47:55 AM      12      0.00      0.00    100.00      0.00      0.00      0.00
07:47:55 AM      16      1.01      0.00     98.99      0.00      0.00      0.00
07:47:55 AM      20      0.00      0.00    100.00      0.00      0.00      0.00

07:47:55 AM     CPU     %user     %nice   %system   %iowait    %steal     %idle
07:47:56 AM       4      0.00      0.00    100.00      0.00      0.00      0.00
07:47:56 AM       8      0.00      0.00    100.00      0.00      0.00      0.00
07:47:56 AM      12      0.99      0.00     99.01      0.00      0.00      0.00
07:47:56 AM      16      0.00      0.00    100.00      0.00      0.00      0.00
07:47:56 AM      20      0.00      0.00    100.00      0.00      0.00      0.00

07:47:56 AM     CPU     %user     %nice   %system   %iowait    %steal     %idle
07:47:57 AM       4      0.00      0.00    100.00      0.00      0.00      0.00
07:47:57 AM       8      0.99      0.00     99.01      0.00      0.00      0.00
07:47:57 AM      12      1.00      0.00     99.00      0.00      0.00      0.00
07:47:57 AM      16      1.00      0.00     99.00      0.00      0.00      0.00
07:47:57 AM      20      0.99      0.00     99.01      0.00      0.00      0.00

07:47:57 AM     CPU     %user     %nice   %system   %iowait    %steal     %idle
07:47:58 AM       4      1.00      0.00     99.00      0.00      0.00      0.00
07:47:58 AM       8      0.00      0.00    100.00      0.00      0.00      0.00
07:47:58 AM      12      0.00      0.00    100.00      0.00      0.00      0.00
07:47:58 AM      16      1.00      0.00     99.00      0.00      0.00      0.00
07:47:58 AM      20      1.00      0.00     99.00      0.00      0.00      0.00

07:47:58 AM     CPU     %user     %nice   %system   %iowait    %steal     %idle
07:47:59 AM       4      0.00      0.00    100.00      0.00      0.00      0.00
07:47:59 AM       8      0.00      0.00    100.00      0.00      0.00      0.00
07:47:59 AM      12      1.96      0.00     98.04      0.00      0.00      0.00
07:47:59 AM      16      0.99      0.00     99.01      0.00      0.00      0.00
07:47:59 AM      20      0.00      0.00    100.00      0.00      0.00      0.00

07:47:59 AM     CPU     %user     %nice   %system   %iowait    %steal     %idle
07:48:00 AM       4      2.00      0.00     98.00      0.00      0.00      0.00
07:48:00 AM       8      0.99      0.00     99.01      0.00      0.00      0.00
07:48:00 AM      12      0.00      0.00    100.00      0.00      0.00      0.00
07:48:00 AM      16      0.00      0.00    100.00      0.00      0.00      0.00
07:48:00 AM      20      1.00      0.00     99.00      0.00      0.00      0.00

07:48:00 AM     CPU     %user     %nice   %system   %iowait    %steal     %idle
07:48:01 AM       4      0.00      0.00    100.00      0.00      0.00      0.00
07:48:01 AM       8      0.00      0.00    100.00      0.00      0.00      0.00
07:48:01 AM      12      0.99      0.00     99.01      0.00      0.00      0.00
07:48:01 AM      16      0.00      0.00    100.00      0.00      0.00      0.00
07:48:01 AM      20      0.99      0.00     99.01      0.00      0.00      0.00

07:48:01 AM     CPU     %user     %nice   %system   %iowait    %steal     %idle
07:48:02 AM       4      0.00      0.00    100.00      0.00      0.00      0.00
07:48:02 AM       8      0.00      0.00    100.00      0.00      0.00      0.00
07:48:02 AM      12      1.00      0.00     99.00      0.00      0.00      0.00
07:48:02 AM      16      1.96      0.00     98.04      0.00      0.00      0.00
07:48:02 AM      20      0.00      0.00    100.00      0.00      0.00      0.00

07:48:02 AM     CPU     %user     %nice   %system   %iowait    %steal     %idle
07:48:03 AM       4      1.00      0.00     99.00      0.00      0.00      0.00
07:48:03 AM       8      1.01      0.00     98.99      0.00      0.00      0.00
07:48:03 AM      12      1.00      0.00     99.00      0.00      0.00      0.00
07:48:03 AM      16      1.01      0.00     98.99      0.00      0.00      0.00
07:48:03 AM      20      1.01      0.00     98.99      0.00      0.00      0.00

07:48:03 AM     CPU     %user     %nice   %system   %iowait    %steal     %idle
07:48:04 AM       4      0.00      0.00    100.00      0.00      0.00      0.00
07:48:04 AM       8      0.00      0.00    100.00      0.00      0.00      0.00
07:48:04 AM      12      1.00      0.00     99.00      0.00      0.00      0.00
07:48:04 AM      16      0.00      0.00    100.00      0.00      0.00      0.00
07:48:04 AM      20      0.00      0.00    100.00      0.00      0.00      0.00

07:48:04 AM     CPU     %user     %nice   %system   %iowait    %steal     %idle
07:48:05 AM       4      0.00      0.00    100.00      0.00      0.00      0.00
07:48:05 AM       8      0.00      0.00    100.00      0.00      0.00      0.00
07:48:05 AM      12      0.00      0.00    100.00      0.00      0.00      0.00
07:48:05 AM      16      1.00      0.00     99.00      0.00      0.00      0.00
07:48:05 AM      20      0.99      0.00     99.01      0.00      0.00      0.00

07:48:05 AM     CPU     %user     %nice   %system   %iowait    %steal     %idle
07:48:06 AM       4      0.00      0.00    100.00      0.00      0.00      0.00
07:48:06 AM       8      0.00      0.00    100.00      0.00      0.00      0.00
07:48:06 AM      12      0.00      0.00    100.00      0.00      0.00      0.00
07:48:06 AM      16      0.00      0.00    100.00      0.00      0.00      0.00
07:48:06 AM      20      0.00      0.00    100.00      0.00      0.00      0.00

07:48:06 AM     CPU     %user     %nice   %system   %iowait    %steal     %idle
07:48:07 AM       4      0.00      0.00    100.00      0.00      0.00      0.00
07:48:07 AM       8      0.99      0.00     99.01      0.00      0.00      0.00
07:48:07 AM      12      2.00      0.00     98.00      0.00      0.00      0.00
07:48:07 AM      16      1.98      0.00     98.02      0.00      0.00      0.00
07:48:07 AM      20      0.00      0.00    100.00      0.00      0.00      0.00

07:48:07 AM     CPU     %user     %nice   %system   %iowait    %steal     %idle
07:48:08 AM       4      0.00      0.00    100.00      0.00      0.00      0.00
07:48:08 AM       8      0.00      0.00    100.00      0.00      0.00      0.00
07:48:08 AM      12      0.00      0.00    100.00      0.00      0.00      0.00
07:48:08 AM      16      0.00      0.00    100.00      0.00      0.00      0.00
07:48:08 AM      20      0.00      0.00    100.00      0.00      0.00      0.00

07:48:08 AM     CPU     %user     %nice   %system   %iowait    %steal     %idle
07:48:09 AM       4      0.99      0.00     99.01      0.00      0.00      0.00
07:48:09 AM       8      1.00      0.00     99.00      0.00      0.00      0.00
07:48:09 AM      12      0.00      0.00    100.00      0.00      0.00      0.00
07:48:09 AM      16      1.98      0.00     98.02      0.00      0.00      0.00
07:48:09 AM      20      1.00      0.00     99.00      0.00      0.00      0.00

07:48:09 AM     CPU     %user     %nice   %system   %iowait    %steal     %idle
07:48:10 AM       4      0.00      0.00    100.00      0.00      0.00      0.00
07:48:10 AM       8      0.00      0.00    100.00      0.00      0.00      0.00
07:48:10 AM      12      1.00      0.00     99.00      0.00      0.00      0.00
07:48:10 AM      16      0.00      0.00    100.00      0.00      0.00      0.00
07:48:10 AM      20      0.99      0.00     99.01      0.00      0.00      0.00

07:48:10 AM     CPU     %user     %nice   %system   %iowait    %steal     %idle
07:48:11 AM       4      0.00      0.00    100.00      0.00      0.00      0.00
07:48:11 AM       8      1.00      0.00     99.00      0.00      0.00      0.00
07:48:11 AM      12      0.00      0.00    100.00      0.00      0.00      0.00
07:48:11 AM      16      0.00      0.00    100.00      0.00      0.00      0.00
07:48:11 AM      20      0.00      0.00    100.00      0.00      0.00      0.00

07:48:11 AM     CPU     %user     %nice   %system   %iowait    %steal     %idle
07:48:12 AM       4      1.00      0.00     99.00      0.00      0.00      0.00
07:48:12 AM       8      1.00      0.00     99.00      0.00      0.00      0.00
07:48:12 AM      12      0.00      0.00    100.00      0.00      0.00      0.00
07:48:12 AM      16      0.00      0.00    100.00      0.00      0.00      0.00
07:48:12 AM      20      0.99      0.00     99.01      0.00      0.00      0.00
