Linux 6.0.3sol-fs (node0.yukino-255758.fmsh-pg0.wisc.cloudlab.us) 	04/29/2025 	_x86_64_	(32 CPU)

07:38:27 AM     CPU     %user     %nice   %system   %iowait    %steal     %idle
07:38:28 AM       4      0.00      0.00     98.94      0.00      0.00      1.06
07:38:28 AM       8      1.05      0.00     85.26      0.00      0.00     13.68
07:38:28 AM      12      0.00      0.00     91.67      0.00      0.00      8.33
07:38:28 AM      16      1.05      0.00     95.79      0.00      0.00      3.16
07:38:28 AM      20      0.00      0.00     97.87      0.00      0.00      2.13

07:38:28 AM     CPU     %user     %nice   %system   %iowait    %steal     %idle
07:38:29 AM       4      1.02      0.00     97.96      0.00      0.00      1.02
07:38:29 AM       8      1.01      0.00     88.89      0.00      0.00     10.10
07:38:29 AM      12      2.11      0.00     96.84      0.00      0.00      1.05
07:38:29 AM      16      0.00      0.00     95.00      0.00      0.00      5.00
07:38:29 AM      20      1.08      0.00     98.92      0.00      0.00      0.00

07:38:29 AM     CPU     %user     %nice   %system   %iowait    %steal     %idle
07:38:30 AM       4      0.00      0.00    100.00      0.00      0.00      0.00
07:38:30 AM       8      1.06      0.00     92.55      0.00      0.00      6.38
07:38:30 AM      12      2.02      0.00     94.95      0.00      0.00      3.03
07:38:30 AM      16      2.13      0.00     90.43      0.00      0.00      7.45
07:38:30 AM      20      0.00      0.00     98.95      0.00      0.00      1.05

07:38:30 AM     CPU     %user     %nice   %system   %iowait    %steal     %idle
07:38:31 AM       4      1.03      0.00     97.94      0.00      0.00      1.03
07:38:31 AM       8      1.03      0.00     93.81      0.00      0.00      5.15
07:38:31 AM      12      0.00      0.00     94.85      0.00      0.00      5.15
07:38:31 AM      16      1.01      0.00     91.92      0.00      0.00      7.07
07:38:31 AM      20      1.05      0.00     97.89      0.00      0.00      1.05

07:38:31 AM     CPU     %user     %nice   %system   %iowait    %steal     %idle
07:38:32 AM       4      1.04      0.00     98.96      0.00      0.00      0.00
07:38:32 AM       8      1.01      0.00     91.92      0.00      0.00      7.07
07:38:32 AM      12      0.99      0.00     93.07      0.00      0.00      5.94
07:38:32 AM      16      1.98      0.00     93.07      0.00      0.00      4.95
07:38:32 AM      20      1.06      0.00     97.87      0.00      0.00      1.06

07:38:32 AM     CPU     %user     %nice   %system   %iowait    %steal     %idle
07:38:33 AM       4      2.13      0.00     97.87      0.00      0.00      0.00
07:38:33 AM       8      1.02      0.00     93.88      0.00      0.00      5.10
07:38:33 AM      12      2.04      0.00     91.84      0.00      0.00      6.12
07:38:33 AM      16      1.03      0.00     94.85      0.00      0.00      4.12
07:38:33 AM      20      1.05      0.00     97.89      0.00      0.00      1.05

07:38:33 AM     CPU     %user     %nice   %system   %iowait    %steal     %idle
07:38:34 AM       4      1.02      0.00     97.96      0.00      0.00      1.02
07:38:34 AM       8      1.03      0.00     93.81      0.00      0.00      5.15
07:38:34 AM      12      1.00      0.00     92.00      0.00      0.00      7.00
07:38:34 AM      16      1.02      0.00     92.86      0.00      0.00      6.12
07:38:34 AM      20      1.05      0.00     97.89      0.00      0.00      1.05

07:38:34 AM     CPU     %user     %nice   %system   %iowait    %steal     %idle
07:38:35 AM       4      1.09      0.00     98.91      0.00      0.00      0.00
07:38:35 AM       8      1.01      0.00     93.94      0.00      0.00      5.05
07:38:35 AM      12      1.04      0.00     92.71      0.00      0.00      6.25
07:38:35 AM      16      1.05      0.00     93.68      0.00      0.00      5.26
07:38:35 AM      20      0.00      0.00    100.00      0.00      0.00      0.00

07:38:35 AM     CPU     %user     %nice   %system   %iowait    %steal     %idle
07:38:36 AM       4      2.06      0.00     95.88      0.00      0.00      2.06
07:38:36 AM       8      1.04      0.00     89.58      0.00      0.00      9.38
07:38:36 AM      12      1.00      0.00     91.00      0.00      0.00      8.00
07:38:36 AM      16      1.00      0.00     91.00      0.00      0.00      8.00
07:38:36 AM      20      2.13      0.00     96.81      0.00      0.00      1.06

07:38:36 AM     CPU     %user     %nice   %system   %iowait    %steal     %idle
07:38:37 AM       4      0.00      0.00     98.95      0.00      0.00      1.05
07:38:37 AM       8      1.02      0.00     93.88      0.00      0.00      5.10
07:38:37 AM      12      2.06      0.00     92.78      0.00      0.00      5.15
07:38:37 AM      16      1.04      0.00     92.71      0.00      0.00      6.25
07:38:37 AM      20      3.06      0.00     95.92      0.00      0.00      1.02

07:38:37 AM     CPU     %user     %nice   %system   %iowait    %steal     %idle
07:38:38 AM       4      2.15      0.00     97.85      0.00      0.00      0.00
07:38:38 AM       8      2.02      0.00     91.92      0.00      0.00      6.06
07:38:38 AM      12      2.02      0.00     89.90      0.00      0.00      8.08
07:38:38 AM      16      1.03      0.00     91.75      0.00      0.00      7.22
07:38:38 AM      20      1.06      0.00     98.94      0.00      0.00      0.00

07:38:38 AM     CPU     %user     %nice   %system   %iowait    %steal     %idle
07:38:39 AM       4      0.00      0.00    100.00      0.00      0.00      0.00
07:38:39 AM       8      3.06      0.00     89.80      0.00      0.00      7.14
07:38:39 AM      12      1.02      0.00     91.84      0.00      0.00      7.14
07:38:39 AM      16      1.03      0.00     91.75      0.00      0.00      7.22
07:38:39 AM      20      0.00      0.00    100.00      0.00      0.00      0.00

07:38:39 AM     CPU     %user     %nice   %system   %iowait    %steal     %idle
07:38:40 AM       4      0.00      0.00     98.97      0.00      0.00      1.03
07:38:40 AM       8      0.00      0.00     94.00      0.00      0.00      6.00
07:38:40 AM      12      1.02      0.00     93.88      0.00      0.00      5.10
07:38:40 AM      16      1.06      0.00     90.43      0.00      0.00      8.51
07:38:40 AM      20      1.08      0.00     97.85      0.00      0.00      1.08

07:38:40 AM     CPU     %user     %nice   %system   %iowait    %steal     %idle
07:38:41 AM       4      1.06      0.00     98.94      0.00      0.00      0.00
07:38:41 AM       8      0.00      0.00     91.40      0.00      0.00      8.60
07:38:41 AM      12      2.08      0.00     93.75      0.00      0.00      4.17
07:38:41 AM      16      1.02      0.00     91.84      0.00      0.00      7.14
07:38:41 AM      20      1.03      0.00     97.94      0.00      0.00      1.03

07:38:41 AM     CPU     %user     %nice   %system   %iowait    %steal     %idle
07:38:42 AM       4      0.00      0.00     97.85      0.00      0.00      2.15
07:38:42 AM       8      2.06      0.00     92.78      0.00      0.00      5.15
07:38:42 AM      12      2.00      0.00     92.00      0.00      0.00      6.00
07:38:42 AM      16      0.00      0.00     92.78      0.00      0.00      7.22
07:38:42 AM      20      2.02      0.00     95.96      0.00      0.00      2.02

07:38:42 AM     CPU     %user     %nice   %system   %iowait    %steal     %idle
07:38:43 AM       4      1.04      0.00     98.96      0.00      0.00      0.00
07:38:43 AM       8      1.02      0.00     90.82      0.00      0.00      8.16
07:38:43 AM      12      1.02      0.00     90.82      0.00      0.00      8.16
07:38:43 AM      16      2.08      0.00     90.62      0.00      0.00      7.29
07:38:43 AM      20      1.10      0.00     98.90      0.00      0.00      0.00

07:38:43 AM     CPU     %user     %nice   %system   %iowait    %steal     %idle
07:38:44 AM       4      1.04      0.00     97.92      0.00      0.00      1.04
07:38:44 AM       8      1.02      0.00     93.88      0.00      0.00      5.10
07:38:44 AM      12      1.02      0.00     91.84      0.00      0.00      7.14
07:38:44 AM      16      2.08      0.00     92.71      0.00      0.00      5.21
07:38:44 AM      20      1.04      0.00     97.92      0.00      0.00      1.04

07:38:44 AM     CPU     %user     %nice   %system   %iowait    %steal     %idle
07:38:45 AM       4      1.03      0.00     98.97      0.00      0.00      0.00
07:38:45 AM       8      0.00      0.00     91.58      0.00      0.00      8.42
07:38:45 AM      12      1.02      0.00     93.88      0.00      0.00      5.10
07:38:45 AM      16      0.00      0.00     92.86      0.00      0.00      7.14
07:38:45 AM      20      0.00      0.00     98.92      0.00      0.00      1.08

07:38:45 AM     CPU     %user     %nice   %system   %iowait    %steal     %idle
07:38:46 AM       4      0.00      0.00     98.90      0.00      0.00      1.10
07:38:46 AM       8      1.03      0.00     91.75      0.00      0.00      7.22
07:38:46 AM      12      1.02      0.00     91.84      0.00      0.00      7.14
07:38:46 AM      16      1.00      0.00     92.00      0.00      0.00      7.00
07:38:46 AM      20      1.08      0.00     98.92      0.00      0.00      0.00

07:38:46 AM     CPU     %user     %nice   %system   %iowait    %steal     %idle
07:38:47 AM       4      1.04      0.00     97.92      0.00      0.00      1.04
07:38:47 AM       8      2.06      0.00     87.63      0.00      0.00     10.31
07:38:47 AM      12      0.00      0.00     95.83      0.00      0.00      4.17
07:38:47 AM      16      0.99      0.00     90.10      0.00      0.00      8.91
07:38:47 AM      20      1.05      0.00     97.89      0.00      0.00      1.05
