Linux 6.0.3sol-fs (node0.yukino-255758.fmsh-pg0.wisc.cloudlab.us) 	04/29/2025 	_x86_64_	(32 CPU)

07:41:35 AM     CPU     %user     %nice   %system   %iowait    %steal     %idle
07:41:36 AM       4      2.02      0.00     94.95      0.00      0.00      3.03
07:41:36 AM       8      1.08      0.00     95.70      0.00      0.00      3.23
07:41:36 AM      12      2.15      0.00     92.47      0.00      0.00      5.38
07:41:36 AM      16      1.08      0.00     94.62      0.00      0.00      4.30
07:41:36 AM      20      1.01      0.00     97.98      0.00      0.00      1.01

07:41:36 AM     CPU     %user     %nice   %system   %iowait    %steal     %idle
07:41:37 AM       4      0.00      0.00     94.74      0.00      0.00      5.26
07:41:37 AM       8      1.04      0.00     96.88      0.00      0.00      2.08
07:41:37 AM      12      1.05      0.00     95.79      0.00      0.00      3.16
07:41:37 AM      16      3.06      0.00     91.84      0.00      0.00      5.10
07:41:37 AM      20      1.04      0.00     95.83      0.00      0.00      3.12

07:41:37 AM     CPU     %user     %nice   %system   %iowait    %steal     %idle
07:41:38 AM       4      2.06      0.00     94.85      0.00      0.00      3.09
07:41:38 AM       8      2.13      0.00     95.74      0.00      0.00      2.13
07:41:38 AM      12      2.06      0.00     93.81      0.00      0.00      4.12
07:41:38 AM      16      1.04      0.00     94.79      0.00      0.00      4.17
07:41:38 AM      20      1.02      0.00     94.90      0.00      0.00      4.08

07:41:38 AM     CPU     %user     %nice   %system   %iowait    %steal     %idle
07:41:39 AM       4      1.03      0.00     95.88      0.00      0.00      3.09
07:41:39 AM       8      2.13      0.00     95.74      0.00      0.00      2.13
07:41:39 AM      12      0.00      0.00     95.79      0.00      0.00      4.21
07:41:39 AM      16      1.06      0.00     93.62      0.00      0.00      5.32
07:41:39 AM      20      1.05      0.00     95.79      0.00      0.00      3.16

07:41:39 AM     CPU     %user     %nice   %system   %iowait    %steal     %idle
07:41:40 AM       4      1.05      0.00     95.79      0.00      0.00      3.16
07:41:40 AM       8      2.13      0.00     94.68      0.00      0.00      3.19
07:41:40 AM      12      3.16      0.00     93.68      0.00      0.00      3.16
07:41:40 AM      16      0.00      0.00     94.74      0.00      0.00      5.26
07:41:40 AM      20      1.02      0.00     96.94      0.00      0.00      2.04

07:41:40 AM     CPU     %user     %nice   %system   %iowait    %steal     %idle
07:41:41 AM       4      1.04      0.00     96.88      0.00      0.00      2.08
07:41:41 AM       8      1.08      0.00     96.77      0.00      0.00      2.15
07:41:41 AM      12      1.02      0.00     94.90      0.00      0.00      4.08
07:41:41 AM      16      2.06      0.00     93.81      0.00      0.00      4.12
07:41:41 AM      20      1.03      0.00     92.78      0.00      0.00      6.19

07:41:41 AM     CPU     %user     %nice   %system   %iowait    %steal     %idle
07:41:42 AM       4      0.00      0.00     97.89      0.00      0.00      2.11
07:41:42 AM       8      3.19      0.00     93.62      0.00      0.00      3.19
07:41:42 AM      12      2.15      0.00     92.47      0.00      0.00      5.38
07:41:42 AM      16      2.08      0.00     93.75      0.00      0.00      4.17
07:41:42 AM      20      1.01      0.00     95.96      0.00      0.00      3.03

07:41:42 AM     CPU     %user     %nice   %system   %iowait    %steal     %idle
07:41:43 AM       4      1.04      0.00     94.79      0.00      0.00      4.17
07:41:43 AM       8      3.16      0.00     94.74      0.00      0.00      2.11
07:41:43 AM      12      2.08      0.00     94.79      0.00      0.00      3.12
07:41:43 AM      16      2.04      0.00     93.88      0.00      0.00      4.08
07:41:43 AM      20      0.00      0.00     92.78      0.00      0.00      7.22

07:41:43 AM     CPU     %user     %nice   %system   %iowait    %steal     %idle
07:41:44 AM       4      2.08      0.00     94.79      0.00      0.00      3.12
07:41:44 AM       8      0.00      0.00     97.83      0.00      0.00      2.17
07:41:44 AM      12      1.05      0.00     94.74      0.00      0.00      4.21
07:41:44 AM      16      1.03      0.00     92.78      0.00      0.00      6.19
07:41:44 AM      20      2.13      0.00     93.62      0.00      0.00      4.26

07:41:44 AM     CPU     %user     %nice   %system   %iowait    %steal     %idle
07:41:45 AM       4      1.01      0.00     96.97      0.00      0.00      2.02
07:41:45 AM       8      2.11      0.00     95.79      0.00      0.00      2.11
07:41:45 AM      12      2.08      0.00     93.75      0.00      0.00      4.17
07:41:45 AM      16      1.05      0.00     94.74      0.00      0.00      4.21
07:41:45 AM      20      0.00      0.00     97.92      0.00      0.00      2.08

07:41:45 AM     CPU     %user     %nice   %system   %iowait    %steal     %idle
07:41:46 AM       4      1.06      0.00     95.74      0.00      0.00      3.19
07:41:46 AM       8      3.26      0.00     94.57      0.00      0.00      2.17
07:41:46 AM      12      2.11      0.00     95.79      0.00      0.00      2.11
07:41:46 AM      16      3.19      0.00     91.49      0.00      0.00      5.32
07:41:46 AM      20      2.02      0.00     94.95      0.00      0.00      3.03

07:41:46 AM     CPU     %user     %nice   %system   %iowait    %steal     %idle
07:41:47 AM       4      0.00      0.00     97.94      0.00      0.00      2.06
07:41:47 AM       8      4.12      0.00     92.78      0.00      0.00      3.09
07:41:47 AM      12      3.16      0.00     93.68      0.00      0.00      3.16
07:41:47 AM      16      1.03      0.00     94.85      0.00      0.00      4.12
07:41:47 AM      20      2.13      0.00     92.55      0.00      0.00      5.32

07:41:47 AM     CPU     %user     %nice   %system   %iowait    %steal     %idle
07:41:48 AM       4      2.02      0.00     95.96      0.00      0.00      2.02
07:41:48 AM       8      1.06      0.00     97.87      0.00      0.00      1.06
07:41:48 AM      12      2.04      0.00     94.90      0.00      0.00      3.06
07:41:48 AM      16      2.08      0.00     93.75      0.00      0.00      4.17
07:41:48 AM      20      2.08      0.00     94.79      0.00      0.00      3.12

07:41:48 AM     CPU     %user     %nice   %system   %iowait    %steal     %idle
07:41:49 AM       4      0.00      0.00     96.91      0.00      0.00      3.09
07:41:49 AM       8      2.11      0.00     94.74      0.00      0.00      3.16
07:41:49 AM      12      1.04      0.00     95.83      0.00      0.00      3.12
07:41:49 AM      16      1.02      0.00     94.90      0.00      0.00      4.08
07:41:49 AM      20      1.05      0.00     96.84      0.00      0.00      2.11

07:41:49 AM     CPU     %user     %nice   %system   %iowait    %steal     %idle
07:41:50 AM       4      2.04      0.00     95.92      0.00      0.00      2.04
07:41:50 AM       8      3.12      0.00     93.75      0.00      0.00      3.12
07:41:50 AM      12      2.13      0.00     95.74      0.00      0.00      2.13
07:41:50 AM      16      1.05      0.00     94.74      0.00      0.00      4.21
07:41:50 AM      20      1.02      0.00     96.94      0.00      0.00      2.04

07:41:50 AM     CPU     %user     %nice   %system   %iowait    %steal     %idle
07:41:51 AM       4      1.02      0.00     95.92      0.00      0.00      3.06
07:41:51 AM       8      1.08      0.00     96.77      0.00      0.00      2.15
07:41:51 AM      12      3.19      0.00     94.68      0.00      0.00      2.13
07:41:51 AM      16      1.04      0.00     94.79      0.00      0.00      4.17
07:41:51 AM      20      1.01      0.00     97.98      0.00      0.00      1.01

07:41:51 AM     CPU     %user     %nice   %system   %iowait    %steal     %idle
07:41:52 AM       4      2.04      0.00     92.86      0.00      0.00      5.10
07:41:52 AM       8      3.12      0.00     94.79      0.00      0.00      2.08
07:41:52 AM      12      1.08      0.00     96.77      0.00      0.00      2.15
07:41:52 AM      16      0.00      0.00     95.65      0.00      0.00      4.35
07:41:52 AM      20      0.00      0.00     96.84      0.00      0.00      3.16

07:41:52 AM     CPU     %user     %nice   %system   %iowait    %steal     %idle
07:41:53 AM       4      0.00      0.00     96.88      0.00      0.00      3.12
07:41:53 AM       8      1.05      0.00     96.84      0.00      0.00      2.11
07:41:53 AM      12      2.17      0.00     95.65      0.00      0.00      2.17
07:41:53 AM      16      1.04      0.00     93.75      0.00      0.00      5.21
07:41:53 AM      20      1.04      0.00     95.83      0.00      0.00      3.12

07:41:53 AM     CPU     %user     %nice   %system   %iowait    %steal     %idle
07:41:54 AM       4      1.06      0.00     94.68      0.00      0.00      4.26
07:41:54 AM       8      3.16      0.00     94.74      0.00      0.00      2.11
07:41:54 AM      12      1.04      0.00     96.88      0.00      0.00      2.08
07:41:54 AM      16      2.08      0.00     94.79      0.00      0.00      3.12
07:41:54 AM      20      1.04      0.00     92.71      0.00      0.00      6.25

07:41:54 AM     CPU     %user     %nice   %system   %iowait    %steal     %idle
07:41:55 AM       4      1.02      0.00     95.92      0.00      0.00      3.06
07:41:55 AM       8      3.19      0.00     94.68      0.00      0.00      2.13
07:41:55 AM      12      2.15      0.00     96.77      0.00      0.00      1.08
07:41:55 AM      16      2.08      0.00     94.79      0.00      0.00      3.12
07:41:55 AM      20      2.04      0.00     92.86      0.00      0.00      5.10
